10-100,100,100,100,98,100,99,99,100,99
Non è stato registrato nessun contenuto per fileserver3-11.0.0.6.pcap.log
Non è stato registrato nessun contenuto per fileserver1-11.0.0.4.pcap.log
Non è stato registrato nessun contenuto per fileserver5-11.0.0.8.pcap.log
Non è stato registrato nessun contenuto per fileserver4-11.0.0.7.pcap.log
Non è stato registrato nessun contenuto per fileserver2-11.0.0.5.pcap.log
Non è stato registrato nessun contenuto per fileserver9-11.0.0.12.pcap.log
Non è stato registrato nessun contenuto per fileserver8-11.0.0.11.pcap.log
Non è stato registrato nessun contenuto per fileserver6-11.0.0.9.pcap.log
Non è stato registrato nessun contenuto per fileserver0-11.0.0.3.pcap.log
Non è stato registrato nessun contenuto per fileserver7-11.0.0.10.pcap.log
For the client torclient27-127.0.0.1.pcap.log
Il client torclient27-127.0.0.1.pcap.log non ha candidati
torclient27-127.0.0.1.pcap.log si è connesso con 
For the client torclient8-127.0.0.1.pcap.log
Il client torclient8-127.0.0.1.pcap.log non ha candidati
torclient8-127.0.0.1.pcap.log si è connesso con 
For the client torclient91-127.0.0.1.pcap.log
Il client torclient91-127.0.0.1.pcap.log non ha candidati
torclient91-127.0.0.1.pcap.log si è connesso con 
For the client torclient51-127.0.0.1.pcap.log
Il client torclient51-127.0.0.1.pcap.log non ha candidati
torclient51-127.0.0.1.pcap.log si è connesso con 
For the client torclient19-127.0.0.1.pcap.log
Il client torclient19-127.0.0.1.pcap.log non ha candidati
torclient19-127.0.0.1.pcap.log si è connesso con 
For the client torclient98-127.0.0.1.pcap.log
Il client torclient98-127.0.0.1.pcap.log non ha candidati
torclient98-127.0.0.1.pcap.log si è connesso con 
For the client torclient43-127.0.0.1.pcap.log
Il client torclient43-127.0.0.1.pcap.log non ha candidati
torclient43-127.0.0.1.pcap.log si è connesso con 
For the client torclient72-127.0.0.1.pcap.log
Il client torclient72-127.0.0.1.pcap.log non ha candidati
torclient72-127.0.0.1.pcap.log si è connesso con 
For the client torclient86-127.0.0.1.pcap.log
Il client torclient86-127.0.0.1.pcap.log non ha candidati
torclient86-127.0.0.1.pcap.log si è connesso con 
For the client torclient71-127.0.0.1.pcap.log
Il client torclient71-127.0.0.1.pcap.log non ha candidati
torclient71-127.0.0.1.pcap.log si è connesso con 
For the client torclient3-127.0.0.1.pcap.log
Il client torclient3-127.0.0.1.pcap.log non ha candidati
torclient3-127.0.0.1.pcap.log si è connesso con 
For the client torclient99-127.0.0.1.pcap.log
Il client torclient99-127.0.0.1.pcap.log non ha candidati
torclient99-127.0.0.1.pcap.log si è connesso con 
For the client torclient16-127.0.0.1.pcap.log
Il client torclient16-127.0.0.1.pcap.log non ha candidati
torclient16-127.0.0.1.pcap.log si è connesso con 
For the client torclient56-127.0.0.1.pcap.log
Il client torclient56-127.0.0.1.pcap.log non ha candidati
torclient56-127.0.0.1.pcap.log si è connesso con 
For the client torclient74-127.0.0.1.pcap.log
Il client torclient74-127.0.0.1.pcap.log non ha candidati
torclient74-127.0.0.1.pcap.log si è connesso con 
For the client torclient48-127.0.0.1.pcap.log
Il client torclient48-127.0.0.1.pcap.log non ha candidati
torclient48-127.0.0.1.pcap.log si è connesso con 
For the client torclient36-127.0.0.1.pcap.log
Il client torclient36-127.0.0.1.pcap.log non ha candidati
torclient36-127.0.0.1.pcap.log si è connesso con 
For the client torclient14-127.0.0.1.pcap.log
Il client torclient14-127.0.0.1.pcap.log non ha candidati
torclient14-127.0.0.1.pcap.log si è connesso con 
For the client torclient75-127.0.0.1.pcap.log
Il client torclient75-127.0.0.1.pcap.log non ha candidati
torclient75-127.0.0.1.pcap.log si è connesso con 
For the client torclient44-127.0.0.1.pcap.log
Il client torclient44-127.0.0.1.pcap.log non ha candidati
torclient44-127.0.0.1.pcap.log si è connesso con 
For the client torclient82-127.0.0.1.pcap.log
Il client torclient82-127.0.0.1.pcap.log non ha candidati
torclient82-127.0.0.1.pcap.log si è connesso con 
For the client torclient10-127.0.0.1.pcap.log
Il client torclient10-127.0.0.1.pcap.log non ha candidati
torclient10-127.0.0.1.pcap.log si è connesso con 
For the client torclient50-127.0.0.1.pcap.log
Il client torclient50-127.0.0.1.pcap.log non ha candidati
torclient50-127.0.0.1.pcap.log si è connesso con 
For the client torclient68-127.0.0.1.pcap.log
Il client torclient68-127.0.0.1.pcap.log non ha candidati
torclient68-127.0.0.1.pcap.log si è connesso con 
For the client torclient83-127.0.0.1.pcap.log
Il client torclient83-127.0.0.1.pcap.log non ha candidati
torclient83-127.0.0.1.pcap.log si è connesso con 
For the client torclient38-127.0.0.1.pcap.log
Il client torclient38-127.0.0.1.pcap.log non ha candidati
torclient38-127.0.0.1.pcap.log si è connesso con 
For the client torclient12-127.0.0.1.pcap.log
Il client torclient12-127.0.0.1.pcap.log non ha candidati
torclient12-127.0.0.1.pcap.log si è connesso con 
For the client torclient96-127.0.0.1.pcap.log
Il client torclient96-127.0.0.1.pcap.log non ha candidati
torclient96-127.0.0.1.pcap.log si è connesso con 
For the client torclient24-127.0.0.1.pcap.log
Il client torclient24-127.0.0.1.pcap.log non ha candidati
torclient24-127.0.0.1.pcap.log si è connesso con 
For the client torclient55-127.0.0.1.pcap.log
Il client torclient55-127.0.0.1.pcap.log non ha candidati
torclient55-127.0.0.1.pcap.log si è connesso con 
For the client torclient40-127.0.0.1.pcap.log
Il client torclient40-127.0.0.1.pcap.log non ha candidati
torclient40-127.0.0.1.pcap.log si è connesso con 
For the client torclient92-127.0.0.1.pcap.log
Il client torclient92-127.0.0.1.pcap.log non ha candidati
torclient92-127.0.0.1.pcap.log si è connesso con 
For the client torclient61-127.0.0.1.pcap.log
Il client torclient61-127.0.0.1.pcap.log non ha candidati
torclient61-127.0.0.1.pcap.log si è connesso con 
For the client torclient11-127.0.0.1.pcap.log
Il client torclient11-127.0.0.1.pcap.log non ha candidati
torclient11-127.0.0.1.pcap.log si è connesso con 
For the client torclient20-127.0.0.1.pcap.log
Il client torclient20-127.0.0.1.pcap.log non ha candidati
torclient20-127.0.0.1.pcap.log si è connesso con 
For the client torclient35-127.0.0.1.pcap.log
Il client torclient35-127.0.0.1.pcap.log non ha candidati
torclient35-127.0.0.1.pcap.log si è connesso con 
For the client torclient94-127.0.0.1.pcap.log
Il client torclient94-127.0.0.1.pcap.log non ha candidati
torclient94-127.0.0.1.pcap.log si è connesso con 
For the client torclient45-127.0.0.1.pcap.log
Il client torclient45-127.0.0.1.pcap.log non ha candidati
torclient45-127.0.0.1.pcap.log si è connesso con 
For the client torclient32-127.0.0.1.pcap.log
Il client torclient32-127.0.0.1.pcap.log non ha candidati
torclient32-127.0.0.1.pcap.log si è connesso con 
For the client torclient57-127.0.0.1.pcap.log
Il client torclient57-127.0.0.1.pcap.log non ha candidati
torclient57-127.0.0.1.pcap.log si è connesso con 
For the client torclient54-127.0.0.1.pcap.log
Il client torclient54-127.0.0.1.pcap.log non ha candidati
torclient54-127.0.0.1.pcap.log si è connesso con 
For the client torclient39-127.0.0.1.pcap.log
Il client torclient39-127.0.0.1.pcap.log non ha candidati
torclient39-127.0.0.1.pcap.log si è connesso con 
For the client torclient46-127.0.0.1.pcap.log
Il client torclient46-127.0.0.1.pcap.log non ha candidati
torclient46-127.0.0.1.pcap.log si è connesso con 
For the client torclient81-127.0.0.1.pcap.log
Il client torclient81-127.0.0.1.pcap.log non ha candidati
torclient81-127.0.0.1.pcap.log si è connesso con 
For the client torclient23-127.0.0.1.pcap.log
Il client torclient23-127.0.0.1.pcap.log non ha candidati
torclient23-127.0.0.1.pcap.log si è connesso con 
For the client torclient37-127.0.0.1.pcap.log
Il client torclient37-127.0.0.1.pcap.log non ha candidati
torclient37-127.0.0.1.pcap.log si è connesso con 
For the client torclient34-127.0.0.1.pcap.log
Il client torclient34-127.0.0.1.pcap.log non ha candidati
torclient34-127.0.0.1.pcap.log si è connesso con 
For the client torclient62-127.0.0.1.pcap.log
Il client torclient62-127.0.0.1.pcap.log non ha candidati
torclient62-127.0.0.1.pcap.log si è connesso con 
For the client torclient70-127.0.0.1.pcap.log
Il client torclient70-127.0.0.1.pcap.log non ha candidati
torclient70-127.0.0.1.pcap.log si è connesso con 
For the client torclient9-127.0.0.1.pcap.log
Il client torclient9-127.0.0.1.pcap.log non ha candidati
torclient9-127.0.0.1.pcap.log si è connesso con 
For the client torclient29-127.0.0.1.pcap.log
Il client torclient29-127.0.0.1.pcap.log non ha candidati
torclient29-127.0.0.1.pcap.log si è connesso con 
For the client torclient80-127.0.0.1.pcap.log
Il client torclient80-127.0.0.1.pcap.log non ha candidati
torclient80-127.0.0.1.pcap.log si è connesso con 
For the client torclient47-127.0.0.1.pcap.log
Il client torclient47-127.0.0.1.pcap.log non ha candidati
torclient47-127.0.0.1.pcap.log si è connesso con 
For the client torclient5-127.0.0.1.pcap.log
Il client torclient5-127.0.0.1.pcap.log non ha candidati
torclient5-127.0.0.1.pcap.log si è connesso con 
For the client torclient77-127.0.0.1.pcap.log
Il client torclient77-127.0.0.1.pcap.log non ha candidati
torclient77-127.0.0.1.pcap.log si è connesso con 
For the client torclient76-127.0.0.1.pcap.log
Il client torclient76-127.0.0.1.pcap.log non ha candidati
torclient76-127.0.0.1.pcap.log si è connesso con 
For the client torclient87-127.0.0.1.pcap.log
Il client torclient87-127.0.0.1.pcap.log non ha candidati
torclient87-127.0.0.1.pcap.log si è connesso con 
For the client torclient6-127.0.0.1.pcap.log
Il client torclient6-127.0.0.1.pcap.log non ha candidati
torclient6-127.0.0.1.pcap.log si è connesso con 
For the client torclient90-127.0.0.1.pcap.log
Il client torclient90-127.0.0.1.pcap.log non ha candidati
torclient90-127.0.0.1.pcap.log si è connesso con 
For the client torclient88-127.0.0.1.pcap.log
Il client torclient88-127.0.0.1.pcap.log non ha candidati
torclient88-127.0.0.1.pcap.log si è connesso con 
For the client torclient84-127.0.0.1.pcap.log
Il client torclient84-127.0.0.1.pcap.log non ha candidati
torclient84-127.0.0.1.pcap.log si è connesso con 
For the client torclient53-127.0.0.1.pcap.log
Il client torclient53-127.0.0.1.pcap.log non ha candidati
torclient53-127.0.0.1.pcap.log si è connesso con 
For the client torclient18-127.0.0.1.pcap.log
Il client torclient18-127.0.0.1.pcap.log non ha candidati
torclient18-127.0.0.1.pcap.log si è connesso con 
For the client torclient2-127.0.0.1.pcap.log
Il client torclient2-127.0.0.1.pcap.log non ha candidati
torclient2-127.0.0.1.pcap.log si è connesso con 
For the client torclient0-127.0.0.1.pcap.log
Il client torclient0-127.0.0.1.pcap.log non ha candidati
torclient0-127.0.0.1.pcap.log si è connesso con 
For the client torclient33-127.0.0.1.pcap.log
Il client torclient33-127.0.0.1.pcap.log non ha candidati
torclient33-127.0.0.1.pcap.log si è connesso con 
For the client torclient63-127.0.0.1.pcap.log
Il client torclient63-127.0.0.1.pcap.log non ha candidati
torclient63-127.0.0.1.pcap.log si è connesso con 
For the client torclient73-127.0.0.1.pcap.log
Il client torclient73-127.0.0.1.pcap.log non ha candidati
torclient73-127.0.0.1.pcap.log si è connesso con 
For the client torclient30-127.0.0.1.pcap.log
Il client torclient30-127.0.0.1.pcap.log non ha candidati
torclient30-127.0.0.1.pcap.log si è connesso con 
For the client torclient28-127.0.0.1.pcap.log
Il client torclient28-127.0.0.1.pcap.log non ha candidati
torclient28-127.0.0.1.pcap.log si è connesso con 
For the client torclient64-127.0.0.1.pcap.log
Il client torclient64-127.0.0.1.pcap.log non ha candidati
torclient64-127.0.0.1.pcap.log si è connesso con 
For the client torclient79-127.0.0.1.pcap.log
Il client torclient79-127.0.0.1.pcap.log non ha candidati
torclient79-127.0.0.1.pcap.log si è connesso con 
For the client torclient41-127.0.0.1.pcap.log
Il client torclient41-127.0.0.1.pcap.log non ha candidati
torclient41-127.0.0.1.pcap.log si è connesso con 
For the client torclient67-127.0.0.1.pcap.log
Il client torclient67-127.0.0.1.pcap.log non ha candidati
torclient67-127.0.0.1.pcap.log si è connesso con 
For the client torclient31-127.0.0.1.pcap.log
Il client torclient31-127.0.0.1.pcap.log non ha candidati
torclient31-127.0.0.1.pcap.log si è connesso con 
For the client torclient1-127.0.0.1.pcap.log
Il client torclient1-127.0.0.1.pcap.log non ha candidati
torclient1-127.0.0.1.pcap.log si è connesso con 
For the client torclient52-127.0.0.1.pcap.log
Il client torclient52-127.0.0.1.pcap.log non ha candidati
torclient52-127.0.0.1.pcap.log si è connesso con 
For the client torclient97-127.0.0.1.pcap.log
Il client torclient97-127.0.0.1.pcap.log non ha candidati
torclient97-127.0.0.1.pcap.log si è connesso con 
For the client torclient26-127.0.0.1.pcap.log
Il client torclient26-127.0.0.1.pcap.log non ha candidati
torclient26-127.0.0.1.pcap.log si è connesso con 
For the client torclient95-127.0.0.1.pcap.log
Il client torclient95-127.0.0.1.pcap.log non ha candidati
torclient95-127.0.0.1.pcap.log si è connesso con 
For the client torclient17-127.0.0.1.pcap.log
Il client torclient17-127.0.0.1.pcap.log non ha candidati
torclient17-127.0.0.1.pcap.log si è connesso con 
For the client torclient42-127.0.0.1.pcap.log
Il client torclient42-127.0.0.1.pcap.log non ha candidati
torclient42-127.0.0.1.pcap.log si è connesso con 
For the client torclient58-127.0.0.1.pcap.log
Il client torclient58-127.0.0.1.pcap.log non ha candidati
torclient58-127.0.0.1.pcap.log si è connesso con 
For the client torclient69-127.0.0.1.pcap.log
Il client torclient69-127.0.0.1.pcap.log non ha candidati
torclient69-127.0.0.1.pcap.log si è connesso con 
For the client torclient21-127.0.0.1.pcap.log
Il client torclient21-127.0.0.1.pcap.log non ha candidati
torclient21-127.0.0.1.pcap.log si è connesso con 
For the client torclient59-127.0.0.1.pcap.log
Il client torclient59-127.0.0.1.pcap.log non ha candidati
torclient59-127.0.0.1.pcap.log si è connesso con 
For the client torclient22-127.0.0.1.pcap.log
Il client torclient22-127.0.0.1.pcap.log non ha candidati
torclient22-127.0.0.1.pcap.log si è connesso con 
For the client torclient49-127.0.0.1.pcap.log
Il client torclient49-127.0.0.1.pcap.log non ha candidati
torclient49-127.0.0.1.pcap.log si è connesso con 
For the client torclient65-127.0.0.1.pcap.log
Il client torclient65-127.0.0.1.pcap.log non ha candidati
torclient65-127.0.0.1.pcap.log si è connesso con 
For the client torclient7-127.0.0.1.pcap.log
Il client torclient7-127.0.0.1.pcap.log non ha candidati
torclient7-127.0.0.1.pcap.log si è connesso con 
For the client torclient15-127.0.0.1.pcap.log
Il client torclient15-127.0.0.1.pcap.log non ha candidati
torclient15-127.0.0.1.pcap.log si è connesso con 
For the client torclient78-127.0.0.1.pcap.log
Il client torclient78-127.0.0.1.pcap.log non ha candidati
torclient78-127.0.0.1.pcap.log si è connesso con 
For the client torclient13-127.0.0.1.pcap.log
Il client torclient13-127.0.0.1.pcap.log non ha candidati
torclient13-127.0.0.1.pcap.log si è connesso con 
For the client torclient93-127.0.0.1.pcap.log
Il client torclient93-127.0.0.1.pcap.log non ha candidati
torclient93-127.0.0.1.pcap.log si è connesso con 
For the client torclient4-127.0.0.1.pcap.log
Il client torclient4-127.0.0.1.pcap.log non ha candidati
torclient4-127.0.0.1.pcap.log si è connesso con 
For the client torclient89-127.0.0.1.pcap.log
Il client torclient89-127.0.0.1.pcap.log non ha candidati
torclient89-127.0.0.1.pcap.log si è connesso con 
For the client torclient25-127.0.0.1.pcap.log
Il client torclient25-127.0.0.1.pcap.log non ha candidati
torclient25-127.0.0.1.pcap.log si è connesso con 
For the client torclient85-127.0.0.1.pcap.log
Il client torclient85-127.0.0.1.pcap.log non ha candidati
torclient85-127.0.0.1.pcap.log si è connesso con 
For the client torclient66-127.0.0.1.pcap.log
Il client torclient66-127.0.0.1.pcap.log non ha candidati
torclient66-127.0.0.1.pcap.log si è connesso con 
For the client torclient60-127.0.0.1.pcap.log
Il client torclient60-127.0.0.1.pcap.log non ha candidati
torclient60-127.0.0.1.pcap.log si è connesso con 
